build/app/intermediates/manifest_merge_blame_file/debug/manifest-merger-blame-debug-report.txt
1<?xml version="1.0" encoding="utf-8"?>
2<manifest xmlns:android="http://schemas.android.com/apk/res/android"
3    package="com.example.parkline"
4    android:versionCode="1"
5    android:versionName="1.0.0" >
6
7    <uses-sdk
8        android:minSdkVersion="18"
9        android:targetSdkVersion="30" />
10    <!--
11         Flutter needs it to communicate with the running application
12         to allow setting breakpoints, to provide hot reload, etc.
13    -->
14    <uses-permission android:name="android.permission.INTERNET" />
14-->src\main\AndroidManifest.xml:8:5-66
14-->src\main\AndroidManifest.xml:8:22-64
15    <!-- State -->
16    <uses-permission android:name="android.permission.READ_PHONE_STATE" />
16-->src\main\AndroidManifest.xml:11:5-74
16-->src\main\AndroidManifest.xml:11:22-72
17    <uses-permission android:name="android.permission.WAKE_LOCK" /> <!-- Permissions options for the `location` group -->
17-->src\main\AndroidManifest.xml:12:5-68
17-->src\main\AndroidManifest.xml:12:22-65
18    <uses-permission android:name="android.permission.ACCESS_FINE_LOCATION" />
18-->src\main\AndroidManifest.xml:16:5-79
18-->src\main\AndroidManifest.xml:16:22-76
19    <uses-permission android:name="android.permission.ACCESS_COARSE_LOCATION" />
19-->src\main\AndroidManifest.xml:17:5-81
19-->src\main\AndroidManifest.xml:17:22-78
20    <uses-permission android:name="android.permission.ACCESS_BACKGROUND_LOCATION" />
20-->src\main\AndroidManifest.xml:18:5-85
20-->src\main\AndroidManifest.xml:18:22-82
21    <uses-permission android:name="android.permission.READ_EXTERNAL_STORAGE" />
21-->[:image_picker] AndroidManifest.xml:7:5-80
21-->[:image_picker] AndroidManifest.xml:7:22-77
22    <uses-permission android:name="android.permission.WRITE_EXTERNAL_STORAGE" />
22-->[:image_picker] AndroidManifest.xml:8:5-81
22-->[:image_picker] AndroidManifest.xml:8:22-78
23    <uses-permission android:name="android.permission.CAMERA" />
23-->[:flutter_barcode_scanner] AndroidManifest.xml:9:5-65
23-->[:flutter_barcode_scanner] AndroidManifest.xml:9:22-62
24
25    <uses-feature android:name="android.hardware.camera" />
25-->[:flutter_barcode_scanner] AndroidManifest.xml:11:5-60
25-->[:flutter_barcode_scanner] AndroidManifest.xml:11:19-57
26
27    <uses-permission android:name="android.permission.FLASHLIGHT" /> <!-- Include required permissions for Google Maps API to run. -->
27-->[:flutter_barcode_scanner] AndroidManifest.xml:13:5-69
27-->[:flutter_barcode_scanner] AndroidManifest.xml:13:22-66
28    <uses-permission android:name="android.permission.ACCESS_NETWORK_STATE" />
28-->[com.google.android.gms:play-services-maps:17.0.0] AndroidManifest.xml:23:5-79
28-->[com.google.android.gms:play-services-maps:17.0.0] AndroidManifest.xml:23:22-76
29
30    <uses-feature
30-->[com.google.android.gms:play-services-maps:17.0.0] AndroidManifest.xml:26:5-28:35
31        android:glEsVersion="0x00020000"
31-->[com.google.android.gms:play-services-maps:17.0.0] AndroidManifest.xml:27:9-41
32        android:required="true" />
32-->[com.google.android.gms:play-services-maps:17.0.0] AndroidManifest.xml:28:9-32
33
34    <application
34-->src\main\AndroidManifest.xml:21:5-65:19
35        android:name="io.flutter.app.FlutterApplication"
35-->src\main\AndroidManifest.xml:22:9-57
36        android:appComponentFactory="androidx.core.app.CoreComponentFactory"
36-->[androidx.core:core:1.6.0] AndroidManifest.xml:24:18-86
37        android:debuggable="true"
38        android:icon="@mipmap/ic_launcher"
38-->src\main\AndroidManifest.xml:24:9-43
39        android:label="Parkiate-Ki "
39-->src\main\AndroidManifest.xml:23:9-37
40        android:largeHeap="true"
40-->[:flutter_barcode_scanner] AndroidManifest.xml:16:9-33
41        android:theme="@style/Theme.AppCompat.NoActionBar"
41-->[:flutter_barcode_scanner] AndroidManifest.xml:17:9-59
42        android:usesCleartextTraffic="true" >
42-->src\main\AndroidManifest.xml:25:9-44
43        <meta-data
43-->src\main\AndroidManifest.xml:28:9-29:70
44            android:name="com.google.android.geo.API_KEY"
44-->src\main\AndroidManifest.xml:28:20-65
45            android:value="AIzaSyDALpYrIYYAEQOqdS3dWsfyYQCpLRJoH_k" />
45-->src\main\AndroidManifest.xml:29:13-68
46
47        <activity
47-->src\main\AndroidManifest.xml:31:9-59:20
48            android:name="com.example.parkline.MainActivity"
48-->src\main\AndroidManifest.xml:32:13-41
49            android:configChanges="orientation|keyboardHidden|keyboard|screenSize|smallestScreenSize|locale|layoutDirection|fontScale|screenLayout|density|uiMode"
49-->src\main\AndroidManifest.xml:35:13-163
50            android:hardwareAccelerated="true"
50-->src\main\AndroidManifest.xml:36:13-47
51            android:launchMode="singleTop"
51-->src\main\AndroidManifest.xml:33:13-43
52            android:theme="@style/LaunchTheme"
52-->src\main\AndroidManifest.xml:34:13-47
53            android:windowSoftInputMode="adjustResize" >
53-->src\main\AndroidManifest.xml:37:13-55
54
55            <!--
56                 Specifies an Android theme to apply to this Activity as soon as
57                 the Android process has started. This theme is visible to the user
58                 while the Flutter UI initializes. After that, this theme continues
59                 to determine the Window background behind the Flutter UI.
60            -->
61            <meta-data
61-->src\main\AndroidManifest.xml:42:13-45:17
62                android:name="io.flutter.embedding.android.NormalTheme"
62-->src\main\AndroidManifest.xml:43:15-70
63                android:resource="@style/NormalTheme" />
63-->src\main\AndroidManifest.xml:44:15-52
64            <!--
65                 Displays an Android View that continues showing the launch screen
66                 Drawable until Flutter paints its first frame, then this splash
67                 screen fades out. A splash screen is useful to avoid any visual
68                 gap between the end of Android's launch screen and the painting of
69                 Flutter's first frame.
70            -->
71            <meta-data
71-->src\main\AndroidManifest.xml:51:13-54:17
72                android:name="io.flutter.embedding.android.SplashScreenDrawable"
72-->src\main\AndroidManifest.xml:52:15-79
73                android:resource="@drawable/launch_background" />
73-->src\main\AndroidManifest.xml:53:15-61
74
75            <intent-filter>
75-->src\main\AndroidManifest.xml:55:13-58:29
76                <action android:name="android.intent.action.MAIN" />
76-->src\main\AndroidManifest.xml:56:17-68
76-->src\main\AndroidManifest.xml:56:25-66
77
78                <category android:name="android.intent.category.LAUNCHER" />
78-->src\main\AndroidManifest.xml:57:17-76
78-->src\main\AndroidManifest.xml:57:27-74
79            </intent-filter>
80        </activity>
81        <!--
82             Don't delete the meta-data below.
83             This is used by the Flutter tool to generate GeneratedPluginRegistrant.java
84        -->
85        <meta-data
85-->src\main\AndroidManifest.xml:62:9-64:33
86            android:name="flutterEmbedding"
86-->src\main\AndroidManifest.xml:63:13-44
87            android:value="2" />
87-->src\main\AndroidManifest.xml:64:13-30
88
89        <provider
89-->[:image_picker] AndroidManifest.xml:11:9-19:20
90            android:name="io.flutter.plugins.imagepicker.ImagePickerFileProvider"
90-->[:image_picker] AndroidManifest.xml:12:13-82
91            android:authorities="com.example.parkline.flutter.image_provider"
91-->[:image_picker] AndroidManifest.xml:13:13-74
92            android:exported="false"
92-->[:image_picker] AndroidManifest.xml:14:13-37
93            android:grantUriPermissions="true" >
93-->[:image_picker] AndroidManifest.xml:15:13-47
94            <meta-data
94-->[:image_picker] AndroidManifest.xml:16:13-18:75
95                android:name="android.support.FILE_PROVIDER_PATHS"
95-->[:image_picker] AndroidManifest.xml:17:17-67
96                android:resource="@xml/flutter_image_picker_file_paths" />
96-->[:image_picker] AndroidManifest.xml:18:17-72
97        </provider>
98
99        <activity android:name="com.amolg.flutterbarcodescanner.BarcodeCaptureActivity" />
99-->[:flutter_barcode_scanner] AndroidManifest.xml:18:9-91
99-->[:flutter_barcode_scanner] AndroidManifest.xml:18:19-88
100        <activity android:name="de.mintware.barcode_scan.BarcodeScannerActivity" />
100-->[:barcode_scan] AndroidManifest.xml:10:9-84
100-->[:barcode_scan] AndroidManifest.xml:10:19-81
101        <activity
101-->[:url_launcher] AndroidManifest.xml:8:9-11:74
102            android:name="io.flutter.plugins.urllauncher.WebViewActivity"
102-->[:url_launcher] AndroidManifest.xml:9:13-74
103            android:exported="false"
103-->[:url_launcher] AndroidManifest.xml:10:13-37
104            android:theme="@android:style/Theme.NoTitleBar.Fullscreen" /> <!-- Needs to be explicitly declared on P+ -->
104-->[:url_launcher] AndroidManifest.xml:11:13-71
105        <uses-library
105-->[com.google.android.gms:play-services-maps:17.0.0] AndroidManifest.xml:33:9-35:40
106            android:name="org.apache.http.legacy"
106-->[com.google.android.gms:play-services-maps:17.0.0] AndroidManifest.xml:34:13-50
107            android:required="false" />
107-->[com.google.android.gms:play-services-maps:17.0.0] AndroidManifest.xml:35:13-37
108
109        <activity
109-->[com.google.android.gms:play-services-base:17.2.1] AndroidManifest.xml:23:9-26:75
110            android:name="com.google.android.gms.common.api.GoogleApiActivity"
110-->[com.google.android.gms:play-services-base:17.2.1] AndroidManifest.xml:24:13-79
111            android:exported="false"
111-->[com.google.android.gms:play-services-base:17.2.1] AndroidManifest.xml:25:13-37
112            android:theme="@android:style/Theme.Translucent.NoTitleBar" />
112-->[com.google.android.gms:play-services-base:17.2.1] AndroidManifest.xml:26:13-72
113
114        <meta-data
114-->[com.google.android.gms:play-services-basement:17.2.1] AndroidManifest.xml:23:9-25:69
115            android:name="com.google.android.gms.version"
115-->[com.google.android.gms:play-services-basement:17.2.1] AndroidManifest.xml:24:13-58
116            android:value="@integer/google_play_services_version" />
116-->[com.google.android.gms:play-services-basement:17.2.1] AndroidManifest.xml:25:13-66
117    </application>
118
119</manifest>